000 (139457.000.000) 2026-02-20 13:33:10 Job submitted from host: <10.143.248.60:9618?addrs=10.143.248.60-9618&alias=conduit.hpc.uni-saarland.de&noUDP&sock=schedd_1375_b6cf>
...
040 (139457.000.000) 2026-02-20 13:33:12 Finished transferring input files
...
001 (139457.000.000) 2026-02-20 13:33:16 Job executing on host: <10.143.248.15:9618?PrivAddr=%3c10.143.250.15:9618%3fsock%3dstartd_3381_a9cb%3e&PrivNet=cs-hpc-storage&addrs=10.143.248.15-9618&alias=thera.hpc.uni-saarland.de&noUDP&sock=startd_3381_a9cb>
	SlotName: teaching5@thera.hpc.uni-saarland.de
	AvailableGPUs = { GPUs_GPU_8b66a2d0 }
	CondorScratchDir = "/raid/condor/lib/condor/execute/dir_1736877"
	Cpus = 7
	Disk = 448936650
	GPUs = 1
	GPUs_GPU_8b66a2d0 = [ Id = "GPU-8b66a2d0"; Capability = 6.0; DeviceName = "Tesla P100-SXM2-16GB"; DeviceUuid = "8b66a2d0-7b07-fd5d-7aa6-f00f0e1b3eba"; ECCEnabled = true; NvidiaDriver = "550.163.01"; DriverVersion = 12.4; DevicePciBusId = "0000:85:00.0"; GlobalMemoryMb = 16269; MaxSupportedVersion = 12040 ]
	Memory = 96737
...
006 (139457.000.000) 2026-02-20 13:33:22 Image size of job updated: 238
	238  -  MemoryUsage of job (MB)
	243952  -  ResidentSetSize of job (KB)
...
006 (139457.000.000) 2026-02-20 13:38:23 Image size of job updated: 1113
	1113  -  MemoryUsage of job (MB)
	1139980  -  ResidentSetSize of job (KB)
...
022 (139457.000.000) 2026-02-20 14:45:36 Job disconnected, attempting to reconnect
    Local schedd and job shadow died, schedd now running again
    Trying to reconnect to teaching5@thera.hpc.uni-saarland.de <10.143.248.15:9618?PrivAddr=%3c10.143.250.15:9618%3fsock%3dstartd_3381_a9cb%3e&PrivNet=cs-hpc-storage&addrs=10.143.248.15-9618&alias=thera.hpc.uni-saarland.de&noUDP&sock=startd_3381_a9cb>
...
023 (139457.000.000) 2026-02-20 14:45:39 Job reconnected to teaching5@thera.hpc.uni-saarland.de
    startd address: <10.143.248.15:9618?PrivAddr=%3c10.143.250.15:9618%3fsock%3dstartd_3381_a9cb%3e&PrivNet=cs-hpc-storage&addrs=10.143.248.15-9618&alias=thera.hpc.uni-saarland.de&noUDP&sock=startd_3381_a9cb>
    starter address: <10.143.248.15:9618?PrivAddr=%3c10.143.250.15:9618%3fsock%3dteaching5_3416_a184_1094%3e&PrivNet=cs-hpc-storage&addrs=10.143.248.15-9618&alias=thera.hpc.uni-saarland.de&noUDP&sock=teaching5_3416_a184_1094>
...
006 (139457.000.000) 2026-02-20 14:58:31 Image size of job updated: 1250
	1183  -  MemoryUsage of job (MB)
	1250000  -  ResidentSetSize of job (KB)
...
006 (139457.000.000) 2026-02-20 15:03:31 Image size of job updated: 1250
	1247  -  MemoryUsage of job (MB)
	1277036  -  ResidentSetSize of job (KB)
...
006 (139457.000.000) 2026-02-20 15:08:32 Image size of job updated: 1250
	1247  -  MemoryUsage of job (MB)
	1277228  -  ResidentSetSize of job (KB)
...
006 (139457.000.000) 2026-02-20 15:13:32 Image size of job updated: 1250
	1247  -  MemoryUsage of job (MB)
	1277436  -  ResidentSetSize of job (KB)
...
006 (139457.000.000) 2026-02-20 15:18:33 Image size of job updated: 1250
	1247  -  MemoryUsage of job (MB)
	1277636  -  ResidentSetSize of job (KB)
...
006 (139457.000.000) 2026-02-20 15:23:35 Image size of job updated: 1250
	1247  -  MemoryUsage of job (MB)
	1277740  -  ResidentSetSize of job (KB)
...
006 (139457.000.000) 2026-02-20 15:28:35 Image size of job updated: 1250
	1247  -  MemoryUsage of job (MB)
	1277820  -  ResidentSetSize of job (KB)
...
006 (139457.000.000) 2026-02-20 15:33:36 Image size of job updated: 1250
	1247  -  MemoryUsage of job (MB)
	1277908  -  ResidentSetSize of job (KB)
...
006 (139457.000.000) 2026-02-20 15:38:37 Image size of job updated: 1250
	1248  -  MemoryUsage of job (MB)
	1277976  -  ResidentSetSize of job (KB)
...
006 (139457.000.000) 2026-02-20 15:43:38 Image size of job updated: 1250
	1248  -  MemoryUsage of job (MB)
	1278004  -  ResidentSetSize of job (KB)
...
006 (139457.000.000) 2026-02-20 15:48:39 Image size of job updated: 1250
	1248  -  MemoryUsage of job (MB)
	1278068  -  ResidentSetSize of job (KB)
...
006 (139457.000.000) 2026-02-20 15:50:04 Image size of job updated: 1250
	1248  -  MemoryUsage of job (MB)
	1278080  -  ResidentSetSize of job (KB)
...
005 (139457.000.000) 2026-02-20 15:50:04 Job terminated.
	(1) Normal termination (return value 0)
		Usr 0 04:45:47, Sys 0 00:06:16  -  Run Remote Usage
		Usr 0 00:00:00, Sys 0 00:00:00  -  Run Local Usage
		Usr 0 07:19:58, Sys 0 00:10:20  -  Total Remote Usage
		Usr 0 00:00:00, Sys 0 00:00:00  -  Total Local Usage
	1224204  -  Run Bytes Sent By Job
	0  -  Run Bytes Received By Job
	1224204  -  Total Bytes Sent By Job
	0  -  Total Bytes Received By Job
	Partitionable Resources :         Usage  Request Allocated 
	   Cpus                 :          0.00        4         7 
	   Disk (KB)            :    1013269     1013269 448936650 
	   Memory (MB)          :       1248        8192     96737 
	   TimeExecute (s)      : 1771599004                       
	   TimeSlotBusy (s)     : 1771599004                       
...
