
  0%|          | 0/170498071 [00:00<?, ?it/s]
  0%|          | 32768/170498071 [00:00<08:57, 317401.45it/s]
  0%|          | 65536/170498071 [00:00<08:59, 315753.03it/s]
  0%|          | 98304/170498071 [00:00<09:01, 314547.83it/s]
  0%|          | 229376/170498071 [00:00<04:08, 683811.49it/s]
  0%|          | 458752/170498071 [00:00<02:18, 1229362.13it/s]
  1%|          | 917504/170498071 [00:00<01:13, 2295600.10it/s]
  1%|          | 1835008/170498071 [00:00<00:38, 4399259.98it/s]
  2%|▏         | 3702784/170498071 [00:00<00:19, 8665999.60it/s]
  4%|▍         | 6782976/170498071 [00:00<00:10, 15139799.06it/s]
  6%|▌         | 9895936/170498071 [00:01<00:08, 19620399.41it/s]
  8%|▊         | 13008896/170498071 [00:01<00:06, 22609555.31it/s]
  9%|▉         | 16121856/170498071 [00:01<00:06, 24704964.12it/s]
 11%|█▏        | 19234816/170498071 [00:01<00:05, 26303111.50it/s]
 13%|█▎        | 22347776/170498071 [00:01<00:05, 27177580.23it/s]
 15%|█▍        | 25427968/170498071 [00:01<00:05, 27992024.02it/s]
 17%|█▋        | 28540928/170498071 [00:01<00:04, 28465406.22it/s]
 19%|█▊        | 31621120/170498071 [00:01<00:04, 28735435.07it/s]
 20%|██        | 34734080/170498071 [00:01<00:04, 28967252.98it/s]
 22%|██▏       | 37847040/170498071 [00:01<00:04, 29196722.26it/s]
 24%|██▍       | 40960000/170498071 [00:02<00:04, 29268492.05it/s]
 26%|██▌       | 44040192/170498071 [00:02<00:04, 29298507.56it/s]
 28%|██▊       | 47022080/170498071 [00:02<00:04, 29017744.71it/s]
 29%|██▉       | 50102272/170498071 [00:02<00:04, 29160774.06it/s]
 31%|███       | 53215232/170498071 [00:02<00:04, 29301917.38it/s]
 33%|███▎      | 56328192/170498071 [00:02<00:03, 29317646.53it/s]
 35%|███▍      | 59408384/170498071 [00:02<00:03, 29434132.64it/s]
 37%|███▋      | 62521344/170498071 [00:02<00:03, 29463462.41it/s]
 38%|███▊      | 65634304/170498071 [00:02<00:03, 29483469.78it/s]
 40%|████      | 68714496/170498071 [00:03<00:03, 29475022.39it/s]
 42%|████▏     | 71696384/170498071 [00:03<00:03, 29563943.68it/s]
 44%|████▍     | 74678272/170498071 [00:03<00:03, 29017320.19it/s]
 46%|████▌     | 77594624/170498071 [00:03<00:03, 28511133.26it/s]
 47%|████▋     | 80478208/170498071 [00:03<00:03, 28216867.63it/s]
 49%|████▉     | 83329024/170498071 [00:03<00:03, 27796087.33it/s]
 51%|█████     | 86114304/170498071 [00:03<00:03, 27337851.46it/s]
 52%|█████▏    | 88866816/170498071 [00:03<00:03, 27007450.01it/s]
 54%|█████▍    | 91717632/170498071 [00:03<00:02, 27213880.17it/s]
 56%|█████▌    | 94732288/170498071 [00:03<00:02, 28006743.37it/s]
 57%|█████▋    | 97681408/170498071 [00:04<00:02, 28368178.21it/s]
 59%|█████▉    | 100696064/170498071 [00:04<00:02, 28815953.68it/s]
 61%|██████    | 103809024/170498071 [00:04<00:02, 29421638.70it/s]
 63%|██████▎   | 106921984/170498071 [00:04<00:02, 29472254.69it/s]
 65%|██████▍   | 110034944/170498071 [00:04<00:02, 29538676.14it/s]
 66%|██████▋   | 113115136/170498071 [00:04<00:01, 29443160.47it/s]
 68%|██████▊   | 116129792/170498071 [00:04<00:01, 29229415.93it/s]
 70%|██████▉   | 119177216/170498071 [00:04<00:01, 29141547.23it/s]
 72%|███████▏  | 122224640/170498071 [00:04<00:01, 29149514.74it/s]
 73%|███████▎  | 125304832/170498071 [00:05<00:01, 29209383.57it/s]
 75%|███████▌  | 128417792/170498071 [00:05<00:01, 29317886.42it/s]
 77%|███████▋  | 131530752/170498071 [00:05<00:01, 29437499.99it/s]
 79%|███████▉  | 134512640/170498071 [00:05<00:01, 29077277.31it/s]
 81%|████████  | 137428992/170498071 [00:05<00:01, 28545712.64it/s]
 82%|████████▏ | 140312576/170498071 [00:05<00:01, 28420504.90it/s]
 84%|████████▍ | 143294464/170498071 [00:05<00:00, 28820286.23it/s]
 86%|████████▌ | 146178048/170498071 [00:05<00:00, 28423974.80it/s]
 87%|████████▋ | 149028864/170498071 [00:05<00:00, 27863451.79it/s]
 89%|████████▉ | 151846912/170498071 [00:05<00:00, 27532314.87it/s]
 91%|█████████ | 154632192/170498071 [00:06<00:00, 27177390.11it/s]
 92%|█████████▏| 157646848/170498071 [00:06<00:00, 27943373.88it/s]
 94%|█████████▍| 160694272/170498071 [00:06<00:00, 28622738.66it/s]
 96%|█████████▌| 163774464/170498071 [00:06<00:00, 29185815.71it/s]
 98%|█████████▊| 166854656/170498071 [00:06<00:00, 29630319.83it/s]
100%|█████████▉| 169836544/170498071 [00:06<00:00, 29614125.25it/s]
100%|██████████| 170498071/170498071 [00:06<00:00, 25757830.08it/s]
INFO:STORE:No existing model IDs in /raid/condor/lib/condor/execute/dir_1736877/trak_results.
INFO:STORE:No existing TRAK scores in /raid/condor/lib/condor/execute/dir_1736877/trak_results.

Finalizing features for all model IDs..:   0%|          | 0/1 [00:00<?, ?it/s]
Finalizing features for all model IDs..: 100%|██████████| 1/1 [00:00<00:00,  1.21it/s]
Finalizing features for all model IDs..: 100%|██████████| 1/1 [00:00<00:00,  1.21it/s]

Finalizing scores for all model IDs..:   0%|          | 0/1 [00:00<?, ?it/s]
Finalizing scores for all model IDs..: 100%|██████████| 1/1 [00:00<00:00, 16.62it/s]
INFO:STORE:Saving scores in /raid/condor/lib/condor/execute/dir_1736877/trak_results/scores/test_attribution.mmap
